<?xml version="1.0" encoding="UTF-8"?>
<!-- Generated by org.testng.reporters.JUnitXMLReporter -->
<testsuite hostname="ICEN340" failures="1" tests="2" name="Error Validation" time="17.734" errors="0" timestamp="6 Sep 2023 11:50:04 GMT">
  <testcase classname="SeleniumTestGroup.SeleniumFrameworkDesign.ErrorValidation" name="ProductValidation" time="5.085"/>
  <testcase classname="SeleniumTestGroup.SeleniumFrameworkDesign.ErrorValidation" name="loginErrorValidation" time="0.858">
    <failure type="junit.framework.ComparisonFailure" message="expected:&amp;lt;...ct email or password[]&amp;gt; but was:&amp;lt;...ct email or password[.]&amp;gt;">
      <![CDATA[junit.framework.ComparisonFailure: expected:<...ct email or password[]> but was:<...ct email or password[.]>
	at junit.framework.Assert.assertEquals(Assert.java:100)
	at junit.framework.Assert.assertEquals(Assert.java:107)
	at SeleniumTestGroup.SeleniumFrameworkDesign.ErrorValidation.loginErrorValidation(ErrorValidation.java:31)
	at java.base/java.util.concurrent.FutureTask.run(FutureTask.java:264)
	at java.base/java.util.concurrent.ThreadPoolExecutor.runWorker(ThreadPoolExecutor.java:1136)
	at java.base/java.util.concurrent.ThreadPoolExecutor$Worker.run(ThreadPoolExecutor.java:635)
	at java.base/java.lang.Thread.run(Thread.java:833)
... Removed 16 stack frames]]>
    </failure>
  </testcase> <!-- loginErrorValidation -->
</testsuite> <!-- Error Validation -->
