<?xml version="1.0" encoding="UTF-8"?>
<!-- Generated by org.testng.reporters.JUnitXMLReporter -->
<testsuite hostname="ICEN340" failures="0" tests="3" name="Submit Order Test" time="30.196" errors="0" timestamp="6 Sep 2023 11:50:16 GMT">
  <testcase classname="SeleniumTestGroup.SeleniumFrameworkDesign.EcommerceSA2Framework" name="submitOrderTest" time="6.304"/>
  <testcase classname="SeleniumTestGroup.SeleniumFrameworkDesign.EcommerceSA2Framework" name="submitOrderTest" time="6.105"/>
  <testcase classname="SeleniumTestGroup.SeleniumFrameworkDesign.EcommerceSA2Framework" name="OrderHistoryTest" time="1.763"/>
</testsuite> <!-- Submit Order Test -->
