<?xml version="1.0" encoding="UTF-8"?>
<testng-results total="5" passed="4" failed="1" skipped="0">
  <reporter-output>
  </reporter-output>
  <suite started-at="2023-09-06T11:49:46Z" name="Suite" finished-at="2023-09-06T11:50:16Z" duration-ms="30196">
    <groups>
      <group name="Purchase">
        <method signature="EcommerceSA2Framework.submitOrderTest(java.util.HashMap)[pri:0, instance:SeleniumTestGroup.SeleniumFrameworkDesign.EcommerceSA2Framework@33308786]" name="submitOrderTest" class="SeleniumTestGroup.SeleniumFrameworkDesign.EcommerceSA2Framework"/>
      </group> <!-- Purchase -->
    </groups>
    <test started-at="2023-09-06T11:49:46Z" name="Error Validation" finished-at="2023-09-06T11:50:04Z" duration-ms="17734">
      <class name="SeleniumTestGroup.SeleniumFrameworkDesign.ErrorValidation">
        <test-method is-config="true" signature="launchApplication()[pri:0, instance:SeleniumTestGroup.SeleniumFrameworkDesign.ErrorValidation@289710d9]" started-at="2023-09-06T17:19:46Z" name="launchApplication" finished-at="2023-09-06T17:19:52Z" duration-ms="6088" status="PASS">
          <reporter-output>
          </reporter-output>
        </test-method> <!-- launchApplication -->
        <test-method signature="ProductValidation()[pri:0, instance:SeleniumTestGroup.SeleniumFrameworkDesign.ErrorValidation@289710d9]" started-at="2023-09-06T17:19:52Z" name="ProductValidation" finished-at="2023-09-06T17:19:57Z" duration-ms="5085" status="PASS">
          <reporter-output>
          </reporter-output>
        </test-method> <!-- ProductValidation -->
        <test-method is-config="true" signature="tearDown()[pri:0, instance:SeleniumTestGroup.SeleniumFrameworkDesign.ErrorValidation@289710d9]" started-at="2023-09-06T17:19:57Z" name="tearDown" finished-at="2023-09-06T17:19:57Z" duration-ms="197" status="PASS">
          <reporter-output>
          </reporter-output>
        </test-method> <!-- tearDown -->
        <test-method is-config="true" signature="launchApplication()[pri:0, instance:SeleniumTestGroup.SeleniumFrameworkDesign.ErrorValidation@289710d9]" started-at="2023-09-06T17:19:57Z" name="launchApplication" finished-at="2023-09-06T17:20:02Z" duration-ms="4604" status="PASS">
          <reporter-output>
          </reporter-output>
        </test-method> <!-- launchApplication -->
        <test-method signature="loginErrorValidation()[pri:0, instance:SeleniumTestGroup.SeleniumFrameworkDesign.ErrorValidation@289710d9]" started-at="2023-09-06T17:20:02Z" name="loginErrorValidation" finished-at="2023-09-06T17:20:03Z" duration-ms="858" status="FAIL">
          <exception class="junit.framework.ComparisonFailure">
            <message>
              <![CDATA[expected:<...ct email or password[]> but was:<...ct email or password[.]>]]>
            </message>
            <full-stacktrace>
              <![CDATA[junit.framework.ComparisonFailure: expected:<...ct email or password[]> but was:<...ct email or password[.]>
	at junit.framework.Assert.assertEquals(Assert.java:100)
	at junit.framework.Assert.assertEquals(Assert.java:107)
	at SeleniumTestGroup.SeleniumFrameworkDesign.ErrorValidation.loginErrorValidation(ErrorValidation.java:31)
	at java.base/jdk.internal.reflect.NativeMethodAccessorImpl.invoke0(Native Method)
	at java.base/jdk.internal.reflect.NativeMethodAccessorImpl.invoke(NativeMethodAccessorImpl.java:77)
	at java.base/jdk.internal.reflect.DelegatingMethodAccessorImpl.invoke(DelegatingMethodAccessorImpl.java:43)
	at java.base/java.lang.reflect.Method.invoke(Method.java:568)
	at org.testng.internal.MethodInvocationHelper.invokeMethod(MethodInvocationHelper.java:80)
	at org.testng.internal.Invoker.invokeMethod(Invoker.java:714)
	at org.testng.internal.Invoker.invokeTestMethod(Invoker.java:901)
	at org.testng.internal.Invoker.invokeTestMethods(Invoker.java:1231)
	at org.testng.internal.TestMethodWorker.invokeTestMethods(TestMethodWorker.java:127)
	at org.testng.internal.TestMethodWorker.run(TestMethodWorker.java:111)
	at org.testng.TestRunner.privateRun(TestRunner.java:767)
	at org.testng.TestRunner.run(TestRunner.java:617)
	at org.testng.SuiteRunner.runTest(SuiteRunner.java:334)
	at org.testng.SuiteRunner.access$000(SuiteRunner.java:37)
	at org.testng.SuiteRunner$SuiteWorker.run(SuiteRunner.java:368)
	at org.testng.internal.thread.ThreadUtil$2.call(ThreadUtil.java:64)
	at java.base/java.util.concurrent.FutureTask.run(FutureTask.java:264)
	at java.base/java.util.concurrent.ThreadPoolExecutor.runWorker(ThreadPoolExecutor.java:1136)
	at java.base/java.util.concurrent.ThreadPoolExecutor$Worker.run(ThreadPoolExecutor.java:635)
	at java.base/java.lang.Thread.run(Thread.java:833)
]]>
            </full-stacktrace>
          </exception> <!-- junit.framework.ComparisonFailure -->
          <reporter-output>
          </reporter-output>
        </test-method> <!-- loginErrorValidation -->
        <test-method is-config="true" signature="tearDown()[pri:0, instance:SeleniumTestGroup.SeleniumFrameworkDesign.ErrorValidation@289710d9]" started-at="2023-09-06T17:20:04Z" name="tearDown" finished-at="2023-09-06T17:20:04Z" duration-ms="211" status="PASS">
          <reporter-output>
          </reporter-output>
        </test-method> <!-- tearDown -->
      </class> <!-- SeleniumTestGroup.SeleniumFrameworkDesign.ErrorValidation -->
    </test> <!-- Error Validation -->
    <test started-at="2023-09-06T11:49:46Z" name="Submit Order Test" finished-at="2023-09-06T11:50:16Z" duration-ms="30196">
      <class name="SeleniumTestGroup.SeleniumFrameworkDesign.EcommerceSA2Framework">
        <test-method is-config="true" signature="launchApplication()[pri:0, instance:SeleniumTestGroup.SeleniumFrameworkDesign.EcommerceSA2Framework@33308786]" started-at="2023-09-06T17:19:46Z" name="launchApplication" finished-at="2023-09-06T17:19:52Z" duration-ms="5749" status="PASS">
          <reporter-output>
          </reporter-output>
        </test-method> <!-- launchApplication -->
        <test-method signature="submitOrderTest(java.util.HashMap)[pri:0, instance:SeleniumTestGroup.SeleniumFrameworkDesign.EcommerceSA2Framework@33308786]" started-at="2023-09-06T17:19:52Z" name="submitOrderTest" data-provider="getData" finished-at="2023-09-06T17:19:58Z" duration-ms="6304" status="PASS">
          <params>
            <param index="0">
              <value>
                <![CDATA[{product=ZARA COAT 3, pass=Sumit123!, email=sumitsingh@gmail.com}]]>
              </value>
            </param>
          </params>
          <reporter-output>
          </reporter-output>
        </test-method> <!-- submitOrderTest -->
        <test-method is-config="true" signature="tearDown()[pri:0, instance:SeleniumTestGroup.SeleniumFrameworkDesign.EcommerceSA2Framework@33308786]" started-at="2023-09-06T17:19:58Z" name="tearDown" finished-at="2023-09-06T17:19:59Z" duration-ms="385" status="PASS">
          <reporter-output>
          </reporter-output>
        </test-method> <!-- tearDown -->
        <test-method is-config="true" signature="launchApplication()[pri:0, instance:SeleniumTestGroup.SeleniumFrameworkDesign.EcommerceSA2Framework@33308786]" started-at="2023-09-06T17:19:59Z" name="launchApplication" finished-at="2023-09-06T17:20:04Z" duration-ms="4752" status="PASS">
          <reporter-output>
          </reporter-output>
        </test-method> <!-- launchApplication -->
        <test-method signature="submitOrderTest(java.util.HashMap)[pri:0, instance:SeleniumTestGroup.SeleniumFrameworkDesign.EcommerceSA2Framework@33308786]" started-at="2023-09-06T17:20:04Z" name="submitOrderTest" data-provider="getData" finished-at="2023-09-06T17:20:10Z" duration-ms="6105" status="PASS">
          <params>
            <param index="0">
              <value>
                <![CDATA[{product=ADIDAS ORIGINAL, pass=Iamking@000, email=rahulshetty@gmail.com}]]>
              </value>
            </param>
          </params>
          <reporter-output>
          </reporter-output>
        </test-method> <!-- submitOrderTest -->
        <test-method is-config="true" signature="tearDown()[pri:0, instance:SeleniumTestGroup.SeleniumFrameworkDesign.EcommerceSA2Framework@33308786]" started-at="2023-09-06T17:20:10Z" name="tearDown" finished-at="2023-09-06T17:20:10Z" duration-ms="175" status="PASS">
          <reporter-output>
          </reporter-output>
        </test-method> <!-- tearDown -->
        <test-method is-config="true" signature="launchApplication()[pri:0, instance:SeleniumTestGroup.SeleniumFrameworkDesign.EcommerceSA2Framework@33308786]" started-at="2023-09-06T17:20:10Z" name="launchApplication" finished-at="2023-09-06T17:20:14Z" duration-ms="4235" status="PASS">
          <reporter-output>
          </reporter-output>
        </test-method> <!-- launchApplication -->
        <test-method signature="OrderHistoryTest()[pri:0, instance:SeleniumTestGroup.SeleniumFrameworkDesign.EcommerceSA2Framework@33308786]" started-at="2023-09-06T17:20:14Z" name="OrderHistoryTest" finished-at="2023-09-06T17:20:16Z" depends-on-methods="SeleniumTestGroup.SeleniumFrameworkDesign.EcommerceSA2Framework.submitOrderTest" duration-ms="1763" status="PASS">
          <reporter-output>
          </reporter-output>
        </test-method> <!-- OrderHistoryTest -->
        <test-method is-config="true" signature="tearDown()[pri:0, instance:SeleniumTestGroup.SeleniumFrameworkDesign.EcommerceSA2Framework@33308786]" started-at="2023-09-06T17:20:16Z" name="tearDown" finished-at="2023-09-06T17:20:16Z" duration-ms="402" status="PASS">
          <reporter-output>
          </reporter-output>
        </test-method> <!-- tearDown -->
      </class> <!-- SeleniumTestGroup.SeleniumFrameworkDesign.EcommerceSA2Framework -->
    </test> <!-- Submit Order Test -->
  </suite> <!-- Suite -->
</testng-results>
